  pch.cpp
  RayTracer.cpp
d:\raytracer\raytracer\classes\cimage.h(19): warning C4244: "=": konwersja z "T" do "BYTE", możliwa utrata danych
          with
          [
              T=float
          ]
d:\raytracer\raytracer\classes\cimage.h(20): warning C4244: "=": konwersja z "T" do "BYTE", możliwa utrata danych
          with
          [
              T=float
          ]
d:\raytracer\raytracer\classes\cimage.h(21): warning C4244: "=": konwersja z "T" do "BYTE", możliwa utrata danych
          with
          [
              T=float
          ]
d:\raytracer\raytracer\classes\cscene.h(76): warning C4244: "=": konwersja z "double" do "int", możliwa utrata danych
d:\raytracer\raytracer\classes\cscene.h(79): warning C4244: "=": konwersja z "double" do "int", możliwa utrata danych
d:\raytracer\raytracer\classes\cscene.h(82): warning C4244: "=": konwersja z "double" do "int", możliwa utrata danych
d:\raytracer\raytracer\classes\cscene.h(85): warning C4244: "inicjowanie": konwersja z "double" do "float", możliwa utrata danych
d:\raytracer\raytracer\classes\cscene.h(86): warning C4244: "inicjowanie": konwersja z "double" do "float", możliwa utrata danych
d:\raytracer\raytracer\classes\cscene.h(87): warning C4244: "inicjowanie": konwersja z "double" do "float", możliwa utrata danych
d:\raytracer\raytracer\classes\cscene.h(91): warning C4244: "inicjowanie": konwersja z "double" do "float", możliwa utrata danych
d:\raytracer\raytracer\classes\cscene.h(92): warning C4244: "inicjowanie": konwersja z "double" do "float", możliwa utrata danych
d:\raytracer\raytracer\classes\cscene.h(93): warning C4244: "inicjowanie": konwersja z "double" do "float", możliwa utrata danych
d:\raytracer\raytracer\classes\cscene.h(97): warning C4244: "inicjowanie": konwersja z "double" do "float", możliwa utrata danych
d:\raytracer\raytracer\classes\cscene.h(98): warning C4244: "inicjowanie": konwersja z "double" do "float", możliwa utrata danych
d:\raytracer\raytracer\classes\cscene.h(99): warning C4244: "inicjowanie": konwersja z "double" do "float", możliwa utrata danych
d:\raytracer\raytracer\classes\cscene.h(103): warning C4244: "inicjowanie": konwersja z "double" do "float", możliwa utrata danych
d:\raytracer\raytracer\classes\cscene.h(104): warning C4244: "inicjowanie": konwersja z "double" do "float", możliwa utrata danych
d:\raytracer\raytracer\classes\cscene.h(105): warning C4244: "inicjowanie": konwersja z "double" do "float", możliwa utrata danych
d:\raytracer\raytracer\classes\cscene.h(106): warning C4244: "inicjowanie": konwersja z "double" do "float", możliwa utrata danych
d:\raytracer\raytracer\classes\cscene.h(107): warning C4244: "inicjowanie": konwersja z "double" do "float", możliwa utrata danych
d:\raytracer\raytracer\classes\cscene.h(108): warning C4244: "inicjowanie": konwersja z "double" do "float", możliwa utrata danych
d:\raytracer\raytracer\classes\cscene.h(109): warning C4244: "inicjowanie": konwersja z "double" do "float", możliwa utrata danych
d:\raytracer\raytracer\classes\cscene.h(110): warning C4244: "inicjowanie": konwersja z "double" do "float", możliwa utrata danych
d:\raytracer\raytracer\classes\cscene.h(111): warning C4244: "inicjowanie": konwersja z "double" do "float", możliwa utrata danych
d:\raytracer\raytracer\classes\cscene.h(112): warning C4244: "inicjowanie": konwersja z "double" do "float", możliwa utrata danych
d:\raytracer\raytracer\classes\cscene.h(113): warning C4244: "inicjowanie": konwersja z "double" do "float", możliwa utrata danych
d:\raytracer\raytracer\classes\cscene.h(114): warning C4244: "inicjowanie": konwersja z "double" do "float", możliwa utrata danych
d:\raytracer\raytracer\classes\cscene.h(115): warning C4244: "inicjowanie": konwersja z "double" do "float", możliwa utrata danych
d:\raytracer\raytracer\classes\cscene.h(116): warning C4244: "inicjowanie": konwersja z "double" do "float", możliwa utrata danych
d:\raytracer\raytracer\classes\cscene.h(117): warning C4244: "inicjowanie": konwersja z "double" do "float", możliwa utrata danych
d:\raytracer\raytracer\classes\cscene.h(122): warning C4244: "inicjowanie": konwersja z "double" do "float", możliwa utrata danych
d:\raytracer\raytracer\classes\cscene.h(123): warning C4244: "inicjowanie": konwersja z "double" do "float", możliwa utrata danych
d:\raytracer\raytracer\classes\cscene.h(124): warning C4244: "inicjowanie": konwersja z "double" do "float", możliwa utrata danych
d:\raytracer\raytracer\classes\cscene.h(125): warning C4244: "inicjowanie": konwersja z "double" do "float", możliwa utrata danych
d:\raytracer\raytracer\classes\cscene.h(126): warning C4244: "inicjowanie": konwersja z "double" do "float", możliwa utrata danych
d:\raytracer\raytracer\classes\cscene.h(127): warning C4244: "inicjowanie": konwersja z "double" do "float", możliwa utrata danych
d:\raytracer\raytracer\classes\cscene.h(128): warning C4244: "inicjowanie": konwersja z "double" do "float", możliwa utrata danych
d:\raytracer\raytracer\classes\cscene.h(129): warning C4244: "inicjowanie": konwersja z "double" do "float", możliwa utrata danych
d:\raytracer\raytracer\classes\cscene.h(130): warning C4244: "inicjowanie": konwersja z "double" do "float", możliwa utrata danych
d:\raytracer\raytracer\classes\cscene.h(131): warning C4244: "inicjowanie": konwersja z "double" do "float", możliwa utrata danych
d:\raytracer\raytracer\classes\cscene.h(132): warning C4244: "inicjowanie": konwersja z "double" do "float", możliwa utrata danych
d:\raytracer\raytracer\classes\cscene.h(133): warning C4244: "inicjowanie": konwersja z "double" do "float", możliwa utrata danych
d:\raytracer\raytracer\classes\cscene.h(134): warning C4244: "inicjowanie": konwersja z "double" do "float", możliwa utrata danych
d:\raytracer\raytracer\classes\cscene.h(135): warning C4244: "inicjowanie": konwersja z "double" do "float", możliwa utrata danych
d:\raytracer\raytracer\classes\cscene.h(136): warning C4244: "inicjowanie": konwersja z "double" do "float", możliwa utrata danych
d:\raytracer\raytracer\classes\cscene.h(137): warning C4244: "inicjowanie": konwersja z "double" do "float", możliwa utrata danych
d:\raytracer\raytracer\classes\cscene.h(138): warning C4244: "inicjowanie": konwersja z "double" do "float", możliwa utrata danych
d:\raytracer\raytracer\classes\cscene.h(139): warning C4244: "inicjowanie": konwersja z "double" do "float", możliwa utrata danych
d:\raytracer\raytracer\classes\cscene.h(140): warning C4244: "inicjowanie": konwersja z "double" do "float", możliwa utrata danych
d:\raytracer\raytracer\classes\cscene.h(141): warning C4244: "inicjowanie": konwersja z "double" do "float", możliwa utrata danych
d:\raytracer\raytracer\classes\cscene.h(146): warning C4244: "inicjowanie": konwersja z "double" do "float", możliwa utrata danych
d:\raytracer\raytracer\classes\cscene.h(147): warning C4244: "inicjowanie": konwersja z "double" do "float", możliwa utrata danych
d:\raytracer\raytracer\classes\cscene.h(148): warning C4244: "inicjowanie": konwersja z "double" do "float", możliwa utrata danych
d:\raytracer\raytracer\classes\cscene.h(149): warning C4244: "inicjowanie": konwersja z "double" do "float", możliwa utrata danych
d:\raytracer\raytracer\classes\cscene.h(150): warning C4244: "inicjowanie": konwersja z "double" do "float", możliwa utrata danych
d:\raytracer\raytracer\classes\cscene.h(151): warning C4244: "inicjowanie": konwersja z "double" do "float", możliwa utrata danych
d:\raytracer\raytracer\classes\cscene.h(152): warning C4244: "inicjowanie": konwersja z "double" do "float", możliwa utrata danych
d:\raytracer\raytracer\classes\cscene.h(153): warning C4244: "inicjowanie": konwersja z "double" do "float", możliwa utrata danych
d:\raytracer\raytracer\classes\cscene.h(154): warning C4244: "inicjowanie": konwersja z "double" do "float", możliwa utrata danych
d:\raytracer\raytracer\classes\cscene.h(155): warning C4244: "inicjowanie": konwersja z "double" do "float", możliwa utrata danych
d:\raytracer\raytracer\classes\cscene.h(156): warning C4244: "inicjowanie": konwersja z "double" do "float", możliwa utrata danych
d:\raytracer\raytracer\classes\cscene.h(157): warning C4244: "inicjowanie": konwersja z "double" do "float", możliwa utrata danych
d:\raytracer\raytracer\classes\craytrace.h(20): warning C4244: "inicjowanie": konwersja z "double" do "float", możliwa utrata danych
d:\raytracer\raytracer\classes\craytrace.h(115): warning C4244: "=": konwersja z "double" do "T", możliwa utrata danych
          with
          [
              T=float
          ]
d:\raytracer\raytracer\classes\craytrace.h(116): warning C4244: "=": konwersja z "double" do "T", możliwa utrata danych
          with
          [
              T=float
          ]
d:\raytracer\raytracer\classes\craytrace.h(117): warning C4244: "=": konwersja z "double" do "T", możliwa utrata danych
          with
          [
              T=float
          ]
d:\raytracer\raytracer\classes\cobject.h(77): warning C4715: "CSphere::intersect”: niewszystkie ścieżki kodu zwracają wartość
  RayTracer.vcxproj -> D:\RayTracer\Debug\RayTracer.exe
